<?xml version="1.0" encoding="UTF-8"?>
<!-- Generated by org.testng.reporters.JUnitReportReporter -->
<testsuite hostname="DESKTOP-ABLBB1N" failures="0" tests="2" name="day44.PaymentTests" time="0.014" errors="0" timestamp="2024-11-12T08:28:47 IST" skipped="0">
  <testcase classname="day44.PaymentTests" name="paymentInRupees" time="0.009"/>
  <system-out/>
  <testcase classname="day44.PaymentTests" name="paymentInDollers" time="0.005"/>
  <system-out/>
</testsuite> <!-- day44.PaymentTests -->
