<?xml version="1.0" encoding="UTF-8"?>
<!-- Generated by org.testng.reporters.JUnitReportReporter -->
<testsuite hostname="DESKTOP-ABLBB1N" failures="0" tests="9" name="day45.ParamTest" time="0.246" errors="0" timestamp="2024-11-15T10:11:30 IST" skipped="0">
  <testcase classname="day45.ParamTest" name="testLogo" time="0.037"/>
  <system-out/>
  <testcase classname="day45.ParamTest" name="testLogo" time="0.079"/>
  <system-out/>
  <testcase classname="day45.ParamTest" name="testLogo" time="0.074"/>
  <system-out/>
  <testcase classname="day45.ParamTest" name="testTitle" time="0.012"/>
  <system-out/>
  <testcase classname="day45.ParamTest" name="testTitle" time="0.007"/>
  <system-out/>
  <testcase classname="day45.ParamTest" name="testTitle" time="0.012"/>
  <system-out/>
  <testcase classname="day45.ParamTest" name="testURL" time="0.005"/>
  <system-out/>
  <testcase classname="day45.ParamTest" name="testURL" time="0.009"/>
  <system-out/>
  <testcase classname="day45.ParamTest" name="testURL" time="0.011"/>
  <system-out/>
</testsuite> <!-- day45.ParamTest -->
