<?xml version="1.0" encoding="UTF-8"?>
<!-- Generated by org.testng.reporters.JUnitReportReporter -->
<testsuite hostname="DESKTOP-ABLBB1N" failures="0" tests="3" name="day44.LoginTests" time="0.016" errors="0" timestamp="2024-11-12T08:26:37 IST" skipped="0">
  <testcase classname="day44.LoginTests" name="loginByMail" time="0.011"/>
  <system-out/>
  <testcase classname="day44.LoginTests" name="loginByFacebook" time="0.001"/>
  <system-out/>
  <testcase classname="day44.LoginTests" name="loginByTwitter" time="0.004"/>
  <system-out/>
</testsuite> <!-- day44.LoginTests -->
