<?xml version="1.0" encoding="UTF-8"?>
<!-- Generated by org.testng.reporters.JUnitReportReporter -->
<testsuite hostname="DESKTOP-ABLBB1N" failures="0" tests="3" name="day44.SignupTests" time="0.019" errors="0" timestamp="2024-11-12T07:54:03 IST" skipped="0">
  <testcase classname="day44.SignupTests" name="signupByMail" time="0.013"/>
  <system-out/>
  <testcase classname="day44.SignupTests" name="signupByFacebook" time="0.003"/>
  <system-out/>
  <testcase classname="day44.SignupTests" name="signupByTwitter" time="0.003"/>
  <system-out/>
</testsuite> <!-- day44.SignupTests -->
