<?xml version="1.0" encoding="UTF-8"?>
<!-- Generated by org.testng.reporters.JUnitReportReporter -->
<testsuite hostname="DESKTOP-ABLBB1N" failures="0" tests="1" name="day18.Amazon" time="2.221" errors="0" timestamp="2025-02-20T16:44:23 IST" skipped="0">
  <testcase classname="day18.Amazon" name="yourOrder" time="2.221"/>
  <system-out/>
</testsuite> <!-- day18.Amazon -->
