<?xml version="1.0" encoding="UTF-8"?>
<!-- Generated by org.testng.reporters.JUnitReportReporter -->
<testsuite hostname="DESKTOP-ABLBB1N" failures="0" tests="3" name="day44.LoginTests" time="0.041" errors="0" timestamp="2025-01-09T10:39:09 IST" skipped="0">
  <testcase classname="day44.LoginTests" name="loginByMail" time="0.035"/>
  <system-out/>
  <testcase classname="day44.LoginTests" name="loginByFacebook" time="0.004"/>
  <system-out/>
  <testcase classname="day44.LoginTests" name="loginByTwitter" time="0.002"/>
  <system-out/>
</testsuite> <!-- day44.LoginTests -->
