<?xml version="1.0" encoding="UTF-8"?>
<!-- Generated by org.testng.reporters.JUnitReportReporter -->
<testsuite hostname="DESKTOP-ABLBB1N" failures="0" tests="1" name="day47.LoginTest" time="1.665" errors="0" timestamp="2024-11-15T09:45:05 IST" skipped="0">
  <testcase classname="day47.LoginTest" name="testLogin" time="1.665"/>
  <system-out/>
</testsuite> <!-- day47.LoginTest -->
